\BOOKMARK [1][-]{section.1}{Maths}{}% 1
\BOOKMARK [2][-]{subsection.1.1}{Game Theory}{section.1}% 2
\BOOKMARK [3][-]{subsubsection.1.1.1}{What is a Combinatorial Game?}{subsection.1.1}% 3
\BOOKMARK [2][-]{subsection.1.2}{Mobius}{section.1}% 4
\BOOKMARK [2][-]{subsection.1.3}{Bell, Burnside, etc}{section.1}% 5
\BOOKMARK [2][-]{subsection.1.4}{Modulo}{section.1}% 6
\BOOKMARK [2][-]{subsection.1.5}{Prob and Comb}{section.1}% 7
\BOOKMARK [2][-]{subsection.1.6}{Euler's Totient Function}{section.1}% 8
\BOOKMARK [2][-]{subsection.1.7}{Catalan}{section.1}% 9
\BOOKMARK [2][-]{subsection.1.8}{Floyd Cycle Finding}{section.1}% 10
\BOOKMARK [2][-]{subsection.1.9}{Base Conversion}{section.1}% 11
\BOOKMARK [2][-]{subsection.1.10}{Extended Euclid}{section.1}% 12
\BOOKMARK [2][-]{subsection.1.11}{Sieve}{section.1}% 13
\BOOKMARK [2][-]{subsection.1.12}{Frac lib and Eqn solving}{section.1}% 14
\BOOKMARK [2][-]{subsection.1.13}{GCD, LCM}{section.1}% 15
\BOOKMARK [2][-]{subsection.1.14}{Side Notes}{section.1}% 16
\BOOKMARK [2][-]{subsection.1.15}{Important Problems}{section.1}% 17
\BOOKMARK [1][-]{section.2}{Graphs}{}% 18
\BOOKMARK [2][-]{subsection.2.1}{Basic}{section.2}% 19
\BOOKMARK [2][-]{subsection.2.2}{Articulation Points and Bridges \(undirected graph\)}{section.2}% 20
\BOOKMARK [2][-]{subsection.2.3}{Tree}{section.2}% 21
\BOOKMARK [3][-]{subsubsection.2.3.1}{LCA}{subsection.2.3}% 22
\BOOKMARK [3][-]{subsubsection.2.3.2}{Important Problems}{subsection.2.3}% 23
\BOOKMARK [3][-]{subsubsection.2.3.3}{MVC on Tree}{subsection.2.3}% 24
\BOOKMARK [3][-]{subsubsection.2.3.4}{MWIS on Tree}{subsection.2.3}% 25
\BOOKMARK [2][-]{subsection.2.4}{Terminology}{section.2}% 26
\BOOKMARK [2][-]{subsection.2.5}{Konigs Theorem}{section.2}% 27
\BOOKMARK [2][-]{subsection.2.6}{Bipartite Matching}{section.2}% 28
\BOOKMARK [3][-]{subsubsection.2.6.1}{Hopcroft Karp}{subsection.2.6}% 29
\BOOKMARK [3][-]{subsubsection.2.6.2}{Using max flow algo}{subsection.2.6}% 30
\BOOKMARK [2][-]{subsection.2.7}{Paths}{section.2}% 31
\BOOKMARK [2][-]{subsection.2.8}{SCC}{section.2}% 32
\BOOKMARK [3][-]{subsubsection.2.8.1}{Tarjan}{subsection.2.8}% 33
\BOOKMARK [3][-]{subsubsection.2.8.2}{Kosaraju}{subsection.2.8}% 34
\BOOKMARK [2][-]{subsection.2.9}{SAT}{section.2}% 35
\BOOKMARK [3][-]{subsubsection.2.9.1}{1 SAT}{subsection.2.9}% 36
\BOOKMARK [3][-]{subsubsection.2.9.2}{2 SAT}{subsection.2.9}% 37
\BOOKMARK [2][-]{subsection.2.10}{DAG}{section.2}% 38
\BOOKMARK [3][-]{subsubsection.2.10.1}{SSSP}{subsection.2.10}% 39
\BOOKMARK [3][-]{subsubsection.2.10.2}{SSLP}{subsection.2.10}% 40
\BOOKMARK [3][-]{subsubsection.2.10.3}{Counting Paths in DAG}{subsection.2.10}% 41
\BOOKMARK [3][-]{subsubsection.2.10.4}{Min Path cover on DAG}{subsection.2.10}% 42
\BOOKMARK [2][-]{subsection.2.11}{APSP Floyd Warshalls}{section.2}% 43
\BOOKMARK [2][-]{subsection.2.12}{MST \(Kruskal\)}{section.2}% 44
\BOOKMARK [2][-]{subsection.2.13}{SSSP}{section.2}% 45
\BOOKMARK [3][-]{subsubsection.2.13.1}{Dijkstra}{subsection.2.13}% 46
\BOOKMARK [3][-]{subsubsection.2.13.2}{Bellman ford}{subsection.2.13}% 47
\BOOKMARK [2][-]{subsection.2.14}{Max Flow}{section.2}% 48
\BOOKMARK [3][-]{subsubsection.2.14.1}{Edmond karps}{subsection.2.14}% 49
\BOOKMARK [2][-]{subsection.2.15}{Minimum Cost Flow}{section.2}% 50
\BOOKMARK [2][-]{subsection.2.16}{More Problems}{section.2}% 51
\BOOKMARK [1][-]{section.3}{Some Basic}{}% 52
\BOOKMARK [2][-]{subsection.3.1}{LIS}{section.3}% 53
\BOOKMARK [1][-]{section.4}{Data Structures}{}% 54
\BOOKMARK [2][-]{subsection.4.1}{Segment Tree}{section.4}% 55
\BOOKMARK [1][-]{section.5}{DP}{}% 56
\BOOKMARK [2][-]{subsection.5.1}{Coin Change}{section.5}% 57
\BOOKMARK [2][-]{subsection.5.2}{0/1 Knapsack}{section.5}% 58
\BOOKMARK [2][-]{subsection.5.3}{Balanced Bracket Sequence}{section.5}% 59
\BOOKMARK [3][-]{subsubsection.5.3.1}{One type of bracket}{subsection.5.3}% 60
\BOOKMARK [3][-]{subsubsection.5.3.2}{MultiType}{subsection.5.3}% 61
\BOOKMARK [3][-]{subsubsection.5.3.3}{No. of balanced Sequences}{subsection.5.3}% 62
\BOOKMARK [3][-]{subsubsection.5.3.4}{Lexicographically next balanced sequence}{subsection.5.3}% 63
\BOOKMARK [3][-]{subsubsection.5.3.5}{Sequence Index}{subsection.5.3}% 64
\BOOKMARK [3][-]{subsubsection.5.3.6}{Finding the kth sequence}{subsection.5.3}% 65
\BOOKMARK [2][-]{subsection.5.4}{Important Problems}{section.5}% 66
\BOOKMARK [1][-]{section.6}{Strings}{}% 67
\BOOKMARK [2][-]{subsection.6.1}{Minimum Edit Distance}{section.6}% 68
\BOOKMARK [2][-]{subsection.6.2}{Length of longest Palindrome possible by removing 0 or more characters}{section.6}% 69
\BOOKMARK [2][-]{subsection.6.3}{Longest Common Subsequence}{section.6}% 70
\BOOKMARK [2][-]{subsection.6.4}{Prefix Function and KMP}{section.6}% 71
\BOOKMARK [3][-]{subsubsection.6.4.1}{Prefix Function}{subsection.6.4}% 72
\BOOKMARK [3][-]{subsubsection.6.4.2}{KMP}{subsection.6.4}% 73
\BOOKMARK [3][-]{subsubsection.6.4.3}{Counting number of occurrences of each prefix}{subsection.6.4}% 74
\BOOKMARK [2][-]{subsection.6.5}{Notes}{section.6}% 75
\BOOKMARK [2][-]{subsection.6.6}{SAM}{section.6}% 76
\BOOKMARK [2][-]{subsection.6.7}{Important Problems}{section.6}% 77
\BOOKMARK [1][-]{section.7}{Geometry}{}% 78
\BOOKMARK [2][-]{subsection.7.1}{Klee's Algo}{section.7}% 79
\BOOKMARK [2][-]{subsection.7.2}{Closest Pair Problem}{section.7}% 80
